0 verbose cli [
0 verbose cli   'C:\\Program Files\\nodejs\\node.exe',
0 verbose cli   'C:\\Program Files\\nodejs\\node_modules\\npm\\bin\\npm-cli.js',
0 verbose cli   'ls',
0 verbose cli   '--depth',
0 verbose cli   '0',
0 verbose cli   '--json'
0 verbose cli ]
1 info using npm@8.3.1
2 info using node@v16.14.0
3 timing npm:load:whichnode Completed in 0ms
4 timing config:load:defaults Completed in 2ms
5 timing config:load:file:C:\Program Files\nodejs\node_modules\npm\npmrc Completed in 2ms
6 timing config:load:builtin Completed in 2ms
7 timing config:load:cli Completed in 2ms
8 timing config:load:env Completed in 1ms
9 timing config:load:file:c:\reactStudant\nlw\server\.npmrc Completed in 0ms
10 timing config:load:project Completed in 2ms
11 timing config:load:file:C:\Users\Forta Plano de Saúde\.npmrc Completed in 0ms
12 timing config:load:user Completed in 0ms
13 timing config:load:file:C:\Users\Forta Plano de Saúde\AppData\Roaming\npm\etc\npmrc Completed in 1ms
14 timing config:load:global Completed in 1ms
15 timing config:load:validate Completed in 0ms
16 timing config:load:credentials Completed in 1ms
17 timing config:load:setEnvs Completed in 1ms
18 timing config:load Completed in 12ms
19 timing npm:load:configload Completed in 12ms
20 timing npm:load:setTitle Completed in 0ms
21 timing config:load:flatten Completed in 2ms
22 timing npm:load:display Completed in 2ms
23 verbose logfile C:\reactStudant\nlw\server\tmpnodejsnpm-cache\_logs\2022-03-12T16_03_42_554Z-debug-0.log
24 timing npm:load:logFile Completed in 6ms
25 timing npm:load:timers Completed in 0ms
26 timing npm:load:configScope Completed in 0ms
27 timing npm:load Completed in 21ms
28 timing arborist:ctor Completed in 1ms
29 silly logfile start cleaning logs, removing 2 files
30 timing command:ls Completed in 184ms
31 verbose stack Error: extraneous: @types/sqlite3@3.1.8 c:\reactStudant\nlw\server\node_modules\@types\sqlite3
31 verbose stack missing: @types/typescript@^2.0.0, required by server@1.0.0
31 verbose stack invalid: knex@1.0.3 c:\reactStudant\nlw\server\node_modules\knex
31 verbose stack extraneous: sqlite@4.0.25 c:\reactStudant\nlw\server\node_modules\sqlite
31 verbose stack invalid: ts-node@10.7.0 c:\reactStudant\nlw\server\node_modules\ts-node
31 verbose stack extraneous: tsc@2.0.4 c:\reactStudant\nlw\server\node_modules\tsc
31 verbose stack     at LS.exec (C:\Program Files\nodejs\node_modules\npm\lib\commands\ls.js:209:9)
31 verbose stack     at processTicksAndRejections (node:internal/process/task_queues:96:5)
31 verbose stack     at async module.exports (C:\Program Files\nodejs\node_modules\npm\lib\cli.js:66:5)
32 verbose cwd c:\reactStudant\nlw\server
33 verbose Windows_NT 10.0.19041
34 verbose argv "C:\\Program Files\\nodejs\\node.exe" "C:\\Program Files\\nodejs\\node_modules\\npm\\bin\\npm-cli.js" "ls" "--depth" "0" "--json"
35 verbose node v16.14.0
36 verbose npm  v8.3.1
37 error code ELSPROBLEMS
38 error extraneous: @types/sqlite3@3.1.8 c:\reactStudant\nlw\server\node_modules\@types\sqlite3
38 error missing: @types/typescript@^2.0.0, required by server@1.0.0
38 error invalid: knex@1.0.3 c:\reactStudant\nlw\server\node_modules\knex
38 error extraneous: sqlite@4.0.25 c:\reactStudant\nlw\server\node_modules\sqlite
38 error invalid: ts-node@10.7.0 c:\reactStudant\nlw\server\node_modules\ts-node
38 error extraneous: tsc@2.0.4 c:\reactStudant\nlw\server\node_modules\tsc
39 verbose exit 1
40 timing npm Completed in 448ms
41 verbose code 1
42 error A complete log of this run can be found in:
42 error     C:\reactStudant\nlw\server\tmpnodejsnpm-cache\_logs\2022-03-12T16_03_42_554Z-debug-0.log
