0 info it worked if it ends with ok
1 verbose cli [
1 verbose cli   'C:\\Program Files\\nodejs\\node.exe',
1 verbose cli   'C:\\Users\\Forta Plano de Saúde\\AppData\\Roaming\\npm\\node_modules\\npm\\bin\\npm-cli.js',
1 verbose cli   'i',
1 verbose cli   'tsc-node-dev@latest',
1 verbose cli   '-D'
1 verbose cli ]
2 info using npm@6.14.10
3 info using node@v16.14.0
4 verbose npm-session 36ef4298715a47c7
5 silly install loadCurrentTree
6 silly install readLocalPackageData
7 http fetch GET 404 https://registry.npmjs.org/tsc-node-dev 93ms
8 http fetch GET 404 https://registry.npmjs.org/tsc-node-dev 25ms
9 silly fetchPackageMetaData error for tsc-node-dev@latest 404 Not Found - GET https://registry.npmjs.org/tsc-node-dev - Not found
10 timing stage:rollbackFailedOptional Completed in 1ms
11 timing stage:runTopLevelLifecycles Completed in 276ms
12 verbose stack Error: 404 Not Found - GET https://registry.npmjs.org/tsc-node-dev - Not found
12 verbose stack     at C:\Users\Forta Plano de Saúde\AppData\Roaming\npm\node_modules\npm\node_modules\npm-registry-fetch\check-response.js:117:15
12 verbose stack     at processTicksAndRejections (node:internal/process/task_queues:96:5)
13 verbose statusCode 404
14 verbose pkgid tsc-node-dev@latest
15 verbose cwd C:\reactStudant\nlw\server
16 verbose Windows_NT 10.0.19041
17 verbose argv "C:\\Program Files\\nodejs\\node.exe" "C:\\Users\\Forta Plano de Saúde\\AppData\\Roaming\\npm\\node_modules\\npm\\bin\\npm-cli.js" "i" "tsc-node-dev@latest" "-D"
18 verbose node v16.14.0
19 verbose npm  v6.14.10
20 error code E404
21 error 404 Not Found - GET https://registry.npmjs.org/tsc-node-dev - Not found
22 error 404
23 error 404 'tsc-node-dev@latest' is not in the npm registry.
24 error 404 You should bug the author to publish it (or use the name yourself!)
25 error 404 Note that you can also install from a
26 error 404 tarball, folder, http url, or git url.
27 verbose exit [ 1, true ]
