0 verbose cli [
0 verbose cli   'C:\\Program Files\\nodejs\\node.exe',
0 verbose cli   'C:\\Program Files\\nodejs\\node_modules\\npm\\bin\\npm-cli.js',
0 verbose cli   'view',
0 verbose cli   '--json',
0 verbose cli   'json-server',
0 verbose cli   'description',
0 verbose cli   'dist-tags.latest',
0 verbose cli   'homepage',
0 verbose cli   'version'
0 verbose cli ]
1 info using npm@8.3.1
2 info using node@v16.14.0
3 timing npm:load:whichnode Completed in 1ms
4 timing config:load:defaults Completed in 1ms
5 timing config:load:file:C:\Program Files\nodejs\node_modules\npm\npmrc Completed in 2ms
6 timing config:load:builtin Completed in 2ms
7 timing config:load:cli Completed in 2ms
8 timing config:load:env Completed in 1ms
9 timing config:load:file:c:\reactStudant\crud\backend\.npmrc Completed in 0ms
10 timing config:load:project Completed in 2ms
11 timing config:load:file:C:\Users\Forta Plano de Saúde\.npmrc Completed in 0ms
12 timing config:load:user Completed in 0ms
13 timing config:load:file:C:\Users\Forta Plano de Saúde\AppData\Roaming\npm\etc\npmrc Completed in 1ms
14 timing config:load:global Completed in 1ms
15 timing config:load:validate Completed in 0ms
16 timing config:load:credentials Completed in 1ms
17 timing config:load:setEnvs Completed in 1ms
18 timing config:load Completed in 11ms
19 timing npm:load:configload Completed in 11ms
20 timing npm:load:setTitle Completed in 0ms
21 timing config:load:flatten Completed in 2ms
22 timing npm:load:display Completed in 3ms
23 verbose logfile C:\reactStudant\crud\backend\tmpnodejsnpm-cache\_logs\2022-03-14T18_39_14_111Z-debug-0.log
24 timing npm:load:logFile Completed in 5ms
25 timing npm:load:timers Completed in 0ms
26 timing npm:load:configScope Completed in 0ms
27 timing npm:load Completed in 20ms
28 timing command:view Completed in 281ms
29 notice
29 notice New minor version of npm available! 8.3.1 -> 8.5.4
29 notice Changelog: <https://github.com/npm/cli/releases/tag/v8.5.4>
29 notice Run `npm install -g npm@8.5.4` to update!
29 notice
30 verbose exit 0
31 timing npm Completed in 484ms
32 info ok
