0 verbose cli [
0 verbose cli   'C:\\Program Files\\nodejs\\node.exe',
0 verbose cli   'C:\\Program Files\\nodejs\\node_modules\\npm\\bin\\npm-cli.js',
0 verbose cli   'install',
0 verbose cli   '--no-audit',
0 verbose cli   '--save',
0 verbose cli   '@testing-library/jest-dom@^5.14.1',
0 verbose cli   '@testing-library/react@^13.0.0',
0 verbose cli   '@testing-library/user-event@^13.2.1',
0 verbose cli   'web-vitals@^2.1.0'
0 verbose cli ]
1 info using npm@8.3.1
2 info using node@v16.14.0
3 timing npm:load:whichnode Completed in 1ms
4 timing config:load:defaults Completed in 1ms
5 timing config:load:file:C:\Program Files\nodejs\node_modules\npm\npmrc Completed in 6ms
6 timing config:load:builtin Completed in 6ms
7 timing config:load:cli Completed in 2ms
8 timing config:load:env Completed in 1ms
9 timing config:load:file:C:\reactStudant\hooks\.npmrc Completed in 0ms
10 timing config:load:project Completed in 1ms
11 timing config:load:file:C:\Users\Forta Plano de Saúde\.npmrc Completed in 0ms
12 timing config:load:user Completed in 0ms
13 timing config:load:file:C:\Users\Forta Plano de Saúde\AppData\Roaming\npm\etc\npmrc Completed in 1ms
14 timing config:load:global Completed in 1ms
15 timing config:load:validate Completed in 0ms
16 timing config:load:credentials Completed in 1ms
17 timing config:load:setEnvs Completed in 1ms
18 timing config:load Completed in 14ms
19 timing npm:load:configload Completed in 14ms
20 timing npm:load:setTitle Completed in 0ms
21 timing config:load:flatten Completed in 3ms
22 timing npm:load:display Completed in 4ms
23 verbose logfile C:\reactStudant\hooks\tmpnodejsnpm-cache\_logs\2022-04-28T12_59_23_939Z-debug-0.log
24 timing npm:load:logFile Completed in 6ms
25 timing npm:load:timers Completed in 0ms
26 timing npm:load:configScope Completed in 0ms
27 timing npm:load Completed in 25ms
28 timing arborist:ctor Completed in 1ms
29 timing idealTree:init Completed in 722ms
30 timing idealTree:userRequests Completed in 2ms
31 silly idealTree buildDeps
32 silly fetch manifest @testing-library/jest-dom@^5.14.1
33 timing arborist:ctor Completed in 0ms
34 http fetch GET 200 https://registry.npmjs.org/@testing-library%2fjest-dom 587ms (cache miss)
35 silly fetch manifest @testing-library/react@^13.0.0
36 http fetch GET 200 https://registry.npmjs.org/@testing-library%2freact 64ms (cache miss)
37 silly fetch manifest react@^18.1.0
38 http fetch GET 200 https://registry.npmjs.org/react 9ms (cache hit)
39 silly fetch manifest react-dom@^18.1.0
40 http fetch GET 200 https://registry.npmjs.org/react-dom 8ms (cache hit)
41 silly fetch manifest @testing-library/user-event@^13.2.1
42 http fetch GET 200 https://registry.npmjs.org/@testing-library%2fuser-event 65ms (cache miss)
43 silly fetch manifest @testing-library/dom@>=7.21.4
44 http fetch GET 200 https://registry.npmjs.org/@testing-library%2fdom 63ms (cache miss)
45 silly fetch manifest web-vitals@^2.1.0
46 http fetch GET 200 https://registry.npmjs.org/web-vitals 34ms (cache miss)
47 silly placeDep ROOT @testing-library/jest-dom@5.16.4 OK for: hooks@0.1.0 want: ^5.14.1
48 silly placeDep ROOT @testing-library/react@13.1.1 OK for: hooks@0.1.0 want: ^13.0.0
49 silly placeDep ROOT @testing-library/user-event@13.5.0 OK for: hooks@0.1.0 want: ^13.2.1
50 silly placeDep ROOT @testing-library/dom@8.13.0 OK for: @testing-library/user-event@13.5.0 want: >=7.21.4
51 silly placeDep ROOT web-vitals@2.1.4 OK for: hooks@0.1.0 want: ^2.1.0
52 silly fetch manifest @types/testing-library__jest-dom@^5.9.1
53 silly fetch manifest aria-query@^5.0.0
54 silly fetch manifest chalk@^3.0.0
55 silly fetch manifest css@^3.0.0
56 silly fetch manifest css.escape@^1.5.1
57 silly fetch manifest dom-accessibility-api@^0.5.6
58 silly fetch manifest redent@^3.0.0
59 silly fetch manifest @types/react-dom@^18.0.0
60 silly fetch manifest @types/aria-query@^4.2.0
61 silly fetch manifest chalk@^4.1.0
62 silly fetch manifest dom-accessibility-api@^0.5.9
63 silly fetch manifest lz-string@^1.4.4
64 http fetch GET 200 https://registry.npmjs.org/chalk 24ms (cache hit)
65 http fetch GET 200 https://registry.npmjs.org/aria-query 27ms (cache hit)
66 http fetch GET 200 https://registry.npmjs.org/redent 45ms (cache miss)
67 http fetch GET 200 https://registry.npmjs.org/@types%2ftesting-library__jest-dom 58ms (cache miss)
68 http fetch GET 200 https://registry.npmjs.org/lz-string 56ms (cache miss)
69 http fetch GET 200 https://registry.npmjs.org/css 111ms (cache miss)
70 http fetch GET 200 https://registry.npmjs.org/dom-accessibility-api 1048ms (cache miss)
71 http fetch GET 200 https://registry.npmjs.org/@types%2faria-query 1067ms (cache miss)
72 http fetch GET 200 https://registry.npmjs.org/css.escape 1069ms (cache miss)
73 http fetch GET 200 https://registry.npmjs.org/@types%2freact-dom 3072ms (cache miss)
74 timing idealTree:#root Completed in 3945ms
75 silly placeDep ROOT @types/aria-query@4.2.2 OK for: @testing-library/dom@8.13.0 want: ^4.2.0
76 silly placeDep node_modules/@testing-library/dom aria-query@5.0.0 OK for: @testing-library/dom@8.13.0 want: ^5.0.0
77 silly placeDep node_modules/@testing-library/dom chalk@4.1.2 OK for: @testing-library/dom@8.13.0 want: ^4.1.0
78 silly placeDep ROOT dom-accessibility-api@0.5.14 OK for: @testing-library/dom@8.13.0 want: ^0.5.9
79 silly placeDep ROOT lz-string@1.4.4 OK for: @testing-library/dom@8.13.0 want: ^1.4.4
80 silly fetch manifest ansi-styles@^4.1.0
81 silly fetch manifest supports-color@^7.1.0
82 http fetch GET 200 https://registry.npmjs.org/supports-color 14ms (cache hit)
83 http fetch GET 200 https://registry.npmjs.org/ansi-styles 16ms (cache hit)
84 timing idealTree:node_modules/@testing-library/dom Completed in 21ms
85 silly placeDep ROOT @types/testing-library__jest-dom@5.14.3 OK for: @testing-library/jest-dom@5.16.4 want: ^5.9.1
86 silly placeDep node_modules/@testing-library/jest-dom aria-query@5.0.0 OK for: @testing-library/jest-dom@5.16.4 want: ^5.0.0
87 silly placeDep node_modules/@testing-library/jest-dom chalk@3.0.0 OK for: @testing-library/jest-dom@5.16.4 want: ^3.0.0
88 silly placeDep ROOT css@3.0.0 OK for: @testing-library/jest-dom@5.16.4 want: ^3.0.0
89 silly placeDep ROOT css.escape@1.5.1 OK for: @testing-library/jest-dom@5.16.4 want: ^1.5.1
90 silly placeDep ROOT redent@3.0.0 OK for: @testing-library/jest-dom@5.16.4 want: ^3.0.0
91 silly fetch manifest @types/jest@*
92 silly fetch manifest source-map@^0.6.1
93 silly fetch manifest source-map-resolve@^0.6.0
94 silly fetch manifest indent-string@^4.0.0
95 silly fetch manifest strip-indent@^3.0.0
96 http fetch GET 200 https://registry.npmjs.org/source-map 9ms (cache hit)
97 http fetch GET 200 https://registry.npmjs.org/indent-string 29ms (cache miss)
98 http fetch GET 200 https://registry.npmjs.org/source-map-resolve 31ms (cache miss)
99 http fetch GET 200 https://registry.npmjs.org/strip-indent 33ms (cache miss)
100 http fetch GET 200 https://registry.npmjs.org/@types%2fjest 52ms (cache miss)
101 timing idealTree:node_modules/@testing-library/jest-dom Completed in 61ms
102 silly placeDep ROOT @types/react-dom@18.0.0 OK for: @testing-library/react@13.1.1 want: ^18.0.0
103 silly fetch manifest @types/react@*
104 http fetch GET 200 https://registry.npmjs.org/@types%2freact 45ms (cache miss)
105 timing idealTree:node_modules/@testing-library/react Completed in 48ms
106 timing idealTree:node_modules/@testing-library/user-event Completed in 0ms
107 timing idealTree:node_modules/@types/aria-query Completed in 0ms
108 silly placeDep ROOT @types/react@18.0.8 OK for: @types/react-dom@18.0.0 want: *
109 silly fetch manifest @types/prop-types@*
110 silly fetch manifest @types/scheduler@*
111 silly fetch manifest csstype@^3.0.2
112 http fetch GET 200 https://registry.npmjs.org/@types%2fscheduler 35ms (cache miss)
113 http fetch GET 200 https://registry.npmjs.org/csstype 35ms (cache miss)
114 http fetch GET 200 https://registry.npmjs.org/@types%2fprop-types 46ms (cache miss)
115 timing idealTree:node_modules/@types/react-dom Completed in 48ms
116 silly placeDep ROOT @types/prop-types@15.7.5 OK for: @types/react@18.0.8 want: *
117 silly placeDep ROOT @types/scheduler@0.16.2 OK for: @types/react@18.0.8 want: *
118 silly placeDep ROOT csstype@3.0.11 OK for: @types/react@18.0.8 want: ^3.0.2
119 timing idealTree:node_modules/@types/react Completed in 3ms
120 timing idealTree:node_modules/@types/prop-types Completed in 0ms
121 timing idealTree:node_modules/@types/scheduler Completed in 0ms
122 silly placeDep ROOT @types/jest@27.4.1 OK for: @types/testing-library__jest-dom@5.14.3 want: *
123 timing idealTree:node_modules/@types/testing-library__jest-dom Completed in 1ms
124 timing idealTree:node_modules/@types/jest Completed in 0ms
125 silly placeDep node_modules/css source-map@0.6.1 OK for: css@3.0.0 want: ^0.6.1
126 silly placeDep ROOT source-map-resolve@0.6.0 OK for: css@3.0.0 want: ^0.6.0
127 silly fetch manifest atob@^2.1.2
128 silly fetch manifest decode-uri-component@^0.2.0
129 http fetch GET 200 https://registry.npmjs.org/decode-uri-component 28ms (cache miss)
130 http fetch GET 200 https://registry.npmjs.org/atob 43ms (cache miss)
131 timing idealTree:node_modules/css Completed in 44ms
132 timing idealTree:node_modules/css.escape Completed in 0ms
133 timing idealTree:node_modules/csstype Completed in 0ms
134 timing idealTree:node_modules/dom-accessibility-api Completed in 0ms
135 timing idealTree:node_modules/lz-string Completed in 0ms
136 silly placeDep ROOT indent-string@4.0.0 OK for: redent@3.0.0 want: ^4.0.0
137 silly placeDep ROOT strip-indent@3.0.0 OK for: redent@3.0.0 want: ^3.0.0
138 silly fetch manifest min-indent@^1.0.0
139 http fetch GET 200 https://registry.npmjs.org/min-indent 30ms (cache miss)
140 timing idealTree:node_modules/redent Completed in 32ms
141 timing idealTree:node_modules/indent-string Completed in 0ms
142 silly placeDep ROOT atob@2.1.2 OK for: source-map-resolve@0.6.0 want: ^2.1.2
143 silly placeDep ROOT decode-uri-component@0.2.0 OK for: source-map-resolve@0.6.0 want: ^0.2.0
144 timing idealTree:node_modules/source-map-resolve Completed in 2ms
145 timing idealTree:node_modules/atob Completed in 0ms
146 timing idealTree:node_modules/decode-uri-component Completed in 0ms
147 silly placeDep ROOT min-indent@1.0.1 OK for: strip-indent@3.0.0 want: ^1.0.0
148 timing idealTree:node_modules/strip-indent Completed in 1ms
149 timing idealTree:node_modules/min-indent Completed in 0ms
150 timing idealTree:node_modules/web-vitals Completed in 0ms
151 timing idealTree:node_modules/@testing-library/dom/node_modules/aria-query Completed in 0ms
152 silly placeDep node_modules/@testing-library/dom ansi-styles@4.3.0 OK for: chalk@4.1.2 want: ^4.1.0
153 silly placeDep node_modules/@testing-library/dom supports-color@7.2.0 OK for: chalk@4.1.2 want: ^7.1.0
154 silly fetch manifest color-convert@^2.0.1
155 silly fetch manifest has-flag@^4.0.0
156 http fetch GET 200 https://registry.npmjs.org/color-convert 6ms (cache hit)
157 http fetch GET 200 https://registry.npmjs.org/has-flag 6ms (cache hit)
158 timing idealTree:node_modules/@testing-library/dom/node_modules/chalk Completed in 9ms
159 silly placeDep node_modules/@testing-library/dom color-convert@2.0.1 OK for: ansi-styles@4.3.0 want: ^2.0.1
160 silly fetch manifest color-name@~1.1.4
161 http fetch GET 200 https://registry.npmjs.org/color-name 5ms (cache hit)
162 timing idealTree:node_modules/@testing-library/dom/node_modules/ansi-styles Completed in 6ms
163 silly placeDep node_modules/@testing-library/dom color-name@1.1.4 OK for: color-convert@2.0.1 want: ~1.1.4
164 timing idealTree:node_modules/@testing-library/dom/node_modules/color-convert Completed in 1ms
165 timing idealTree:node_modules/@testing-library/dom/node_modules/color-name Completed in 0ms
166 silly placeDep node_modules/@testing-library/dom has-flag@4.0.0 OK for: supports-color@7.2.0 want: ^4.0.0
167 timing idealTree:node_modules/@testing-library/dom/node_modules/supports-color Completed in 1ms
168 timing idealTree:node_modules/@testing-library/dom/node_modules/has-flag Completed in 0ms
169 timing idealTree:node_modules/@testing-library/jest-dom/node_modules/aria-query Completed in 0ms
170 silly placeDep node_modules/@testing-library/jest-dom ansi-styles@4.3.0 OK for: chalk@3.0.0 want: ^4.1.0
171 silly placeDep node_modules/@testing-library/jest-dom supports-color@7.2.0 OK for: chalk@3.0.0 want: ^7.1.0
172 timing idealTree:node_modules/@testing-library/jest-dom/node_modules/chalk Completed in 2ms
173 silly placeDep node_modules/@testing-library/jest-dom color-convert@2.0.1 OK for: ansi-styles@4.3.0 want: ^2.0.1
174 timing idealTree:node_modules/@testing-library/jest-dom/node_modules/ansi-styles Completed in 0ms
175 silly placeDep node_modules/@testing-library/jest-dom color-name@1.1.4 OK for: color-convert@2.0.1 want: ~1.1.4
176 timing idealTree:node_modules/@testing-library/jest-dom/node_modules/color-convert Completed in 1ms
177 timing idealTree:node_modules/@testing-library/jest-dom/node_modules/color-name Completed in 0ms
178 silly placeDep node_modules/@testing-library/jest-dom has-flag@4.0.0 OK for: supports-color@7.2.0 want: ^4.0.0
179 timing idealTree:node_modules/@testing-library/jest-dom/node_modules/supports-color Completed in 1ms
180 timing idealTree:node_modules/@testing-library/jest-dom/node_modules/has-flag Completed in 0ms
181 timing idealTree:node_modules/css/node_modules/source-map Completed in 0ms
182 timing idealTree:buildDeps Completed in 4230ms
183 timing idealTree:fixDepFlags Completed in 12ms
184 timing idealTree Completed in 4980ms
185 timing reify:loadTrees Completed in 4981ms
186 timing reify:diffTrees Completed in 33ms
187 silly reify moves {}
188 timing reify:retireShallow Completed in 0ms
189 timing reify:createSparse Completed in 9ms
190 timing reify:loadBundles Completed in 0ms
191 verbose reify failed optional dependency C:\reactStudant\hooks\node_modules\fsevents
192 silly reify mark deleted [ 'C:\\reactStudant\\hooks\\node_modules\\fsevents' ]
193 timing reifyNode:node_modules/fsevents Completed in 7ms
194 silly tarball no local data for min-indent@https://registry.npmjs.org/min-indent/-/min-indent-1.0.1.tgz. Extracting by manifest.
195 silly tarball no local data for decode-uri-component@https://registry.npmjs.org/decode-uri-component/-/decode-uri-component-0.2.0.tgz. Extracting by manifest.
196 silly tarball no local data for strip-indent@https://registry.npmjs.org/strip-indent/-/strip-indent-3.0.0.tgz. Extracting by manifest.
197 silly tarball no local data for atob@https://registry.npmjs.org/atob/-/atob-2.1.2.tgz. Extracting by manifest.
198 silly tarball no local data for indent-string@https://registry.npmjs.org/indent-string/-/indent-string-4.0.0.tgz. Extracting by manifest.
199 silly tarball no local data for source-map-resolve@https://registry.npmjs.org/source-map-resolve/-/source-map-resolve-0.6.0.tgz. Extracting by manifest.
200 silly tarball no local data for @types/jest@https://registry.npmjs.org/@types/jest/-/jest-27.4.1.tgz. Extracting by manifest.
201 silly tarball no local data for csstype@https://registry.npmjs.org/csstype/-/csstype-3.0.11.tgz. Extracting by manifest.
202 silly tarball no local data for @types/scheduler@https://registry.npmjs.org/@types/scheduler/-/scheduler-0.16.2.tgz. Extracting by manifest.
203 silly tarball no local data for @types/prop-types@https://registry.npmjs.org/@types/prop-types/-/prop-types-15.7.5.tgz. Extracting by manifest.
204 silly tarball no local data for @types/react-dom@https://registry.npmjs.org/@types/react-dom/-/react-dom-18.0.0.tgz. Extracting by manifest.
205 silly tarball no local data for @types/react@https://registry.npmjs.org/@types/react/-/react-18.0.8.tgz. Extracting by manifest.
206 silly tarball no local data for css.escape@https://registry.npmjs.org/css.escape/-/css.escape-1.5.1.tgz. Extracting by manifest.
207 silly tarball no local data for redent@https://registry.npmjs.org/redent/-/redent-3.0.0.tgz. Extracting by manifest.
208 silly tarball no local data for css@https://registry.npmjs.org/css/-/css-3.0.0.tgz. Extracting by manifest.
209 silly tarball no local data for lz-string@https://registry.npmjs.org/lz-string/-/lz-string-1.4.4.tgz. Extracting by manifest.
210 silly tarball no local data for @types/testing-library__jest-dom@https://registry.npmjs.org/@types/testing-library__jest-dom/-/testing-library__jest-dom-5.14.3.tgz. Extracting by manifest.
211 silly tarball no local data for dom-accessibility-api@https://registry.npmjs.org/dom-accessibility-api/-/dom-accessibility-api-0.5.14.tgz. Extracting by manifest.
212 silly tarball no local data for @types/aria-query@https://registry.npmjs.org/@types/aria-query/-/aria-query-4.2.2.tgz. Extracting by manifest.
213 silly tarball no local data for web-vitals@https://registry.npmjs.org/web-vitals/-/web-vitals-2.1.4.tgz. Extracting by manifest.
214 silly tarball no local data for @testing-library/dom@https://registry.npmjs.org/@testing-library/dom/-/dom-8.13.0.tgz. Extracting by manifest.
215 silly tarball no local data for @testing-library/user-event@https://registry.npmjs.org/@testing-library/user-event/-/user-event-13.5.0.tgz. Extracting by manifest.
216 silly tarball no local data for @testing-library/react@https://registry.npmjs.org/@testing-library/react/-/react-13.1.1.tgz. Extracting by manifest.
217 silly tarball no local data for @testing-library/jest-dom@https://registry.npmjs.org/@testing-library/jest-dom/-/jest-dom-5.16.4.tgz. Extracting by manifest.
218 silly tarball no local data for aria-query@https://registry.npmjs.org/aria-query/-/aria-query-5.0.0.tgz. Extracting by manifest.
219 silly tarball no local data for chalk@https://registry.npmjs.org/chalk/-/chalk-3.0.0.tgz. Extracting by manifest.
220 silly tarball no local data for aria-query@https://registry.npmjs.org/aria-query/-/aria-query-5.0.0.tgz. Extracting by manifest.
221 timing reifyNode:node_modules/@testing-library/dom/node_modules/color-name Completed in 228ms
222 timing reifyNode:node_modules/@testing-library/jest-dom/node_modules/color-name Completed in 227ms
223 http fetch GET 200 https://registry.npmjs.org/min-indent/-/min-indent-1.0.1.tgz 214ms (cache miss)
224 timing reifyNode:node_modules/min-indent Completed in 234ms
225 http fetch GET 200 https://registry.npmjs.org/strip-indent/-/strip-indent-3.0.0.tgz 218ms (cache miss)
226 timing reifyNode:node_modules/@testing-library/jest-dom/node_modules/has-flag Completed in 245ms
227 timing reifyNode:node_modules/@testing-library/dom/node_modules/has-flag Completed in 246ms
228 timing reifyNode:node_modules/@testing-library/dom/node_modules/supports-color Completed in 246ms
229 timing reifyNode:node_modules/@testing-library/jest-dom/node_modules/supports-color Completed in 246ms
230 http fetch GET 200 https://registry.npmjs.org/decode-uri-component/-/decode-uri-component-0.2.0.tgz 228ms (cache miss)
231 timing reifyNode:node_modules/decode-uri-component Completed in 251ms
232 timing reifyNode:node_modules/@testing-library/jest-dom/node_modules/ansi-styles Completed in 254ms
233 timing reifyNode:node_modules/@testing-library/dom/node_modules/ansi-styles Completed in 254ms
234 timing reifyNode:node_modules/strip-indent Completed in 258ms
235 timing reifyNode:node_modules/@testing-library/dom/node_modules/color-convert Completed in 268ms
236 timing reifyNode:node_modules/@testing-library/jest-dom/node_modules/color-convert Completed in 269ms
237 timing reifyNode:node_modules/@testing-library/dom/node_modules/chalk Completed in 274ms
238 http fetch GET 200 https://registry.npmjs.org/indent-string/-/indent-string-4.0.0.tgz 253ms (cache miss)
239 timing reifyNode:node_modules/indent-string Completed in 282ms
240 http fetch GET 200 https://registry.npmjs.org/source-map-resolve/-/source-map-resolve-0.6.0.tgz 257ms (cache miss)
241 warn deprecated source-map-resolve@0.6.0: See https://github.com/lydell/source-map-resolve#deprecated
242 timing reifyNode:node_modules/source-map-resolve Completed in 288ms
243 http fetch GET 200 https://registry.npmjs.org/@types/prop-types/-/prop-types-15.7.5.tgz 256ms (cache miss)
244 timing reifyNode:node_modules/@types/prop-types Completed in 299ms
245 http fetch GET 200 https://registry.npmjs.org/atob/-/atob-2.1.2.tgz 279ms (cache miss)
246 http fetch GET 200 https://registry.npmjs.org/css.escape/-/css.escape-1.5.1.tgz 257ms (cache miss)
247 timing reifyNode:node_modules/css.escape Completed in 312ms
248 timing reifyNode:node_modules/atob Completed in 314ms
249 http fetch GET 200 https://registry.npmjs.org/chalk/-/chalk-3.0.0.tgz 231ms (cache miss)
250 timing reifyNode:node_modules/@testing-library/jest-dom/node_modules/chalk Completed in 329ms
251 http fetch GET 200 https://registry.npmjs.org/@types/testing-library__jest-dom/-/testing-library__jest-dom-5.14.3.tgz 265ms (cache miss)
252 timing reifyNode:node_modules/@types/testing-library__jest-dom Completed in 333ms
253 http fetch GET 200 https://registry.npmjs.org/@types/aria-query/-/aria-query-4.2.2.tgz 271ms (cache miss)
254 timing reifyNode:node_modules/@types/aria-query Completed in 345ms
255 http fetch GET 200 https://registry.npmjs.org/@types/react-dom/-/react-dom-18.0.0.tgz 302ms (cache miss)
256 timing reifyNode:node_modules/@types/react-dom Completed in 351ms
257 http fetch GET 200 https://registry.npmjs.org/css/-/css-3.0.0.tgz 300ms (cache miss)
258 timing reifyNode:node_modules/css Completed in 360ms
259 http fetch GET 200 https://registry.npmjs.org/lz-string/-/lz-string-1.4.4.tgz 312ms (cache miss)
260 timing reifyNode:node_modules/lz-string Completed in 376ms
261 http fetch GET 200 https://registry.npmjs.org/csstype/-/csstype-3.0.11.tgz 354ms (cache miss)
262 timing reifyNode:node_modules/csstype Completed in 392ms
263 timing reifyNode:node_modules/css/node_modules/source-map Completed in 400ms
264 http fetch GET 200 https://registry.npmjs.org/@testing-library/jest-dom/-/jest-dom-5.16.4.tgz 343ms (cache miss)
265 timing reifyNode:node_modules/@testing-library/jest-dom Completed in 433ms
266 http fetch GET 200 https://registry.npmjs.org/web-vitals/-/web-vitals-2.1.4.tgz 386ms (cache miss)
267 timing reifyNode:node_modules/web-vitals Completed in 463ms
268 http fetch GET 200 https://registry.npmjs.org/dom-accessibility-api/-/dom-accessibility-api-0.5.14.tgz 395ms (cache miss)
269 timing reifyNode:node_modules/dom-accessibility-api Completed in 467ms
270 http fetch GET 200 https://registry.npmjs.org/@types/scheduler/-/scheduler-0.16.2.tgz 436ms (cache miss)
271 timing reifyNode:node_modules/@types/scheduler Completed in 477ms
272 http fetch GET 200 https://registry.npmjs.org/aria-query/-/aria-query-5.0.0.tgz 522ms (cache miss)
273 timing reifyNode:node_modules/@testing-library/jest-dom/node_modules/aria-query Completed in 624ms
274 http fetch GET 200 https://registry.npmjs.org/aria-query/-/aria-query-5.0.0.tgz 535ms (cache miss)
275 timing reifyNode:node_modules/@testing-library/dom/node_modules/aria-query Completed in 628ms
276 http fetch GET 200 https://registry.npmjs.org/@types/jest/-/jest-27.4.1.tgz 920ms (cache miss)
277 timing reifyNode:node_modules/@types/jest Completed in 953ms
278 http fetch GET 200 https://registry.npmjs.org/@testing-library/user-event/-/user-event-13.5.0.tgz 1058ms (cache miss)
279 timing reifyNode:node_modules/@testing-library/user-event Completed in 1142ms
280 http fetch GET 200 https://registry.npmjs.org/@testing-library/react/-/react-13.1.1.tgz 1070ms (cache miss)
281 timing reifyNode:node_modules/@testing-library/react Completed in 1158ms
282 http fetch GET 200 https://registry.npmjs.org/@testing-library/dom/-/dom-8.13.0.tgz 1089ms (cache miss)
283 timing reifyNode:node_modules/@testing-library/dom Completed in 1174ms
284 http fetch GET 200 https://registry.npmjs.org/@types/react/-/react-18.0.8.tgz 1158ms (cache miss)
285 timing reifyNode:node_modules/@types/react Completed in 1210ms
286 http fetch GET 200 https://registry.npmjs.org/redent/-/redent-3.0.0.tgz 3109ms (cache miss)
287 timing reifyNode:node_modules/redent Completed in 3167ms
288 timing reify:unpack Completed in 3168ms
289 timing reify:unretire Completed in 0ms
290 timing build:queue Completed in 1ms
291 timing build:link:node_modules/atob Completed in 5ms
292 timing build:link:node_modules/lz-string Completed in 4ms
293 timing build:link Completed in 5ms
294 timing build:deps Completed in 7ms
295 timing build Completed in 7ms
296 timing reify:build Completed in 7ms
297 timing reify:trash Completed in 1ms
298 timing reify:save Completed in 183ms
299 timing reify Completed in 8443ms
300 silly ADD node_modules/min-indent
301 silly ADD node_modules/decode-uri-component
302 silly ADD node_modules/atob
303 silly ADD node_modules/strip-indent
304 silly ADD node_modules/indent-string
305 silly ADD node_modules/source-map-resolve
306 silly ADD node_modules/@types/jest
307 silly ADD node_modules/csstype
308 silly ADD node_modules/@types/scheduler
309 silly ADD node_modules/@types/prop-types
310 silly ADD node_modules/@types/react
311 silly ADD node_modules/@types/react-dom
312 silly ADD node_modules/redent
313 silly ADD node_modules/css.escape
314 silly ADD node_modules/css
315 silly ADD node_modules/css/node_modules/source-map
316 silly ADD node_modules/@types/testing-library__jest-dom
317 silly ADD node_modules/lz-string
318 silly ADD node_modules/dom-accessibility-api
319 silly ADD node_modules/@types/aria-query
320 silly ADD node_modules/web-vitals
321 silly ADD node_modules/@testing-library/dom
322 silly ADD node_modules/@testing-library/dom/node_modules/has-flag
323 silly ADD node_modules/@testing-library/dom/node_modules/color-name
324 silly ADD node_modules/@testing-library/dom/node_modules/color-convert
325 silly ADD node_modules/@testing-library/dom/node_modules/supports-color
326 silly ADD node_modules/@testing-library/dom/node_modules/ansi-styles
327 silly ADD node_modules/@testing-library/dom/node_modules/chalk
328 silly ADD node_modules/@testing-library/dom/node_modules/aria-query
329 silly ADD node_modules/@testing-library/user-event
330 silly ADD node_modules/@testing-library/react
331 silly ADD node_modules/@testing-library/jest-dom
332 silly ADD node_modules/@testing-library/jest-dom/node_modules/has-flag
333 silly ADD node_modules/@testing-library/jest-dom/node_modules/color-name
334 silly ADD node_modules/@testing-library/jest-dom/node_modules/color-convert
335 silly ADD node_modules/@testing-library/jest-dom/node_modules/supports-color
336 silly ADD node_modules/@testing-library/jest-dom/node_modules/ansi-styles
337 silly ADD node_modules/@testing-library/jest-dom/node_modules/chalk
338 silly ADD node_modules/@testing-library/jest-dom/node_modules/aria-query
339 silly ADD
340 timing command:install Completed in 8451ms
341 verbose exit 0
342 timing npm Completed in 8739ms
343 info ok
