0 verbose cli [
0 verbose cli   'C:\\Program Files\\nodejs\\node.exe',
0 verbose cli   'C:\\Program Files\\nodejs\\node_modules\\npm\\bin\\npm-cli.js',
0 verbose cli   'install',
0 verbose cli   '--no-audit',
0 verbose cli   '--save',
0 verbose cli   '@testing-library/jest-dom@^5.14.1',
0 verbose cli   '@testing-library/react@^12.0.0',
0 verbose cli   '@testing-library/user-event@^13.2.1',
0 verbose cli   '@types/jest@^27.0.1',
0 verbose cli   '@types/node@^16.7.13',
0 verbose cli   '@types/react@^17.0.20',
0 verbose cli   '@types/react-dom@^17.0.9',
0 verbose cli   'typescript@^4.4.2',
0 verbose cli   'web-vitals@^2.1.0'
0 verbose cli ]
1 info using npm@8.3.1
2 info using node@v16.14.0
3 timing npm:load:whichnode Completed in 1ms
4 timing config:load:defaults Completed in 1ms
5 timing config:load:file:C:\Program Files\nodejs\node_modules\npm\npmrc Completed in 10ms
6 timing config:load:builtin Completed in 10ms
7 timing config:load:cli Completed in 2ms
8 timing config:load:env Completed in 1ms
9 timing config:load:file:C:\reactStudant\nlw\web\.npmrc Completed in 1ms
10 timing config:load:project Completed in 1ms
11 timing config:load:file:C:\Users\Forta Plano de Saúde\.npmrc Completed in 1ms
12 timing config:load:user Completed in 1ms
13 timing config:load:file:C:\Users\Forta Plano de Saúde\AppData\Roaming\npm\etc\npmrc Completed in 0ms
14 timing config:load:global Completed in 0ms
15 timing config:load:validate Completed in 1ms
16 timing config:load:credentials Completed in 0ms
17 timing config:load:setEnvs Completed in 4ms
18 timing config:load Completed in 21ms
19 timing npm:load:configload Completed in 21ms
20 timing npm:load:setTitle Completed in 8ms
21 timing config:load:flatten Completed in 3ms
22 timing npm:load:display Completed in 4ms
23 verbose logfile C:\reactStudant\nlw\web\tmpnodejsnpm-cache\_logs\2022-03-09T18_36_16_216Z-debug-0.log
24 timing npm:load:logFile Completed in 9ms
25 timing npm:load:timers Completed in 0ms
26 timing npm:load:configScope Completed in 0ms
27 timing npm:load Completed in 43ms
28 timing arborist:ctor Completed in 1ms
29 timing idealTree:init Completed in 614ms
30 timing idealTree:userRequests Completed in 3ms
31 silly idealTree buildDeps
32 silly fetch manifest @testing-library/jest-dom@^5.14.1
33 timing arborist:ctor Completed in 0ms
34 http fetch GET 200 https://registry.npmjs.org/@testing-library%2fjest-dom 534ms (cache miss)
35 silly fetch manifest @testing-library/react@^12.0.0
36 http fetch GET 200 https://registry.npmjs.org/@testing-library%2freact 275ms (cache miss)
37 silly fetch manifest react@^17.0.2
38 http fetch GET 200 https://registry.npmjs.org/react 24ms (cache hit)
39 silly fetch manifest react-dom@^17.0.2
40 http fetch GET 200 https://registry.npmjs.org/react-dom 8ms (cache hit)
41 silly fetch manifest @testing-library/user-event@^13.2.1
42 http fetch GET 200 https://registry.npmjs.org/@testing-library%2fuser-event 269ms (cache miss)
43 silly fetch manifest @testing-library/dom@>=7.21.4
44 http fetch GET 200 https://registry.npmjs.org/@testing-library%2fdom 56ms (cache miss)
45 silly fetch manifest @types/jest@^27.0.1
46 http fetch GET 200 https://registry.npmjs.org/@types%2fjest 55ms (cache miss)
47 silly fetch manifest @types/node@^16.7.13
48 http fetch GET 200 https://registry.npmjs.org/@types%2fnode 13ms (cache hit)
49 silly fetch manifest @types/react@^17.0.20
50 http fetch GET 200 https://registry.npmjs.org/@types%2freact 67ms (cache miss)
51 silly fetch manifest @types/react-dom@^17.0.9
52 http fetch GET 200 https://registry.npmjs.org/@types%2freact-dom 58ms (cache miss)
53 silly fetch manifest typescript@^4.4.2
54 http fetch GET 200 https://registry.npmjs.org/typescript 36ms (cache hit)
55 silly fetch manifest web-vitals@^2.1.0
56 http fetch GET 200 https://registry.npmjs.org/web-vitals 48ms (cache miss)
57 silly placeDep ROOT @testing-library/jest-dom@5.16.2 OK for: web@0.1.0 want: ^5.14.1
58 silly placeDep ROOT @testing-library/react@12.1.4 OK for: web@0.1.0 want: ^12.0.0
59 silly placeDep ROOT @testing-library/user-event@13.5.0 OK for: web@0.1.0 want: ^13.2.1
60 silly placeDep ROOT @testing-library/dom@8.11.3 OK for: @testing-library/user-event@13.5.0 want: >=7.21.4
61 silly placeDep ROOT @types/jest@27.4.1 OK for: web@0.1.0 want: ^27.0.1
62 silly placeDep ROOT @types/node@16.11.26 REPLACE for: web@0.1.0 want: ^16.7.13
63 silly placeDep ROOT @types/react@17.0.39 OK for: web@0.1.0 want: ^17.0.20
64 silly placeDep ROOT @types/react-dom@17.0.13 OK for: web@0.1.0 want: ^17.0.9
65 silly placeDep ROOT typescript@4.6.2 REPLACE for: web@0.1.0 want: ^4.4.2
66 silly placeDep ROOT web-vitals@2.1.4 OK for: web@0.1.0 want: ^2.1.0
67 silly fetch manifest @types/testing-library__jest-dom@^5.9.1
68 silly fetch manifest aria-query@^5.0.0
69 silly fetch manifest chalk@^3.0.0
70 silly fetch manifest css@^3.0.0
71 silly fetch manifest css.escape@^1.5.1
72 silly fetch manifest dom-accessibility-api@^0.5.6
73 silly fetch manifest redent@^3.0.0
74 silly fetch manifest @types/aria-query@^4.2.0
75 silly fetch manifest chalk@^4.1.0
76 silly fetch manifest dom-accessibility-api@^0.5.9
77 silly fetch manifest lz-string@^1.4.4
78 silly fetch manifest @types/prop-types@*
79 silly fetch manifest @types/scheduler@*
80 silly fetch manifest csstype@^3.0.2
81 http fetch GET 200 https://registry.npmjs.org/aria-query 32ms (cache hit)
82 http fetch GET 200 https://registry.npmjs.org/chalk 32ms (cache hit)
83 http fetch GET 200 https://registry.npmjs.org/@types%2ftesting-library__jest-dom 55ms (cache miss)
84 http fetch GET 200 https://registry.npmjs.org/css 58ms (cache miss)
85 http fetch GET 200 https://registry.npmjs.org/csstype 55ms (cache miss)
86 http fetch GET 200 https://registry.npmjs.org/@types%2fprop-types 57ms (cache miss)
87 http fetch GET 200 https://registry.npmjs.org/lz-string 58ms (cache miss)
88 http fetch GET 200 https://registry.npmjs.org/css.escape 65ms (cache miss)
89 http fetch GET 200 https://registry.npmjs.org/@types%2faria-query 66ms (cache miss)
90 http fetch GET 200 https://registry.npmjs.org/redent 132ms (cache miss)
91 http fetch GET 200 https://registry.npmjs.org/dom-accessibility-api 1065ms (cache miss)
92 http fetch GET 200 https://registry.npmjs.org/@types%2fscheduler 3066ms (cache miss)
93 timing idealTree:#root Completed in 4609ms
94 silly placeDep ROOT @types/aria-query@4.2.2 OK for: @testing-library/dom@8.11.3 want: ^4.2.0
95 silly placeDep node_modules/@testing-library/dom aria-query@5.0.0 OK for: @testing-library/dom@8.11.3 want: ^5.0.0
96 silly placeDep node_modules/@testing-library/dom chalk@4.1.2 OK for: @testing-library/dom@8.11.3 want: ^4.1.0
97 silly placeDep ROOT dom-accessibility-api@0.5.13 OK for: @testing-library/dom@8.11.3 want: ^0.5.9
98 silly placeDep ROOT lz-string@1.4.4 OK for: @testing-library/dom@8.11.3 want: ^1.4.4
99 silly fetch manifest ansi-styles@^4.1.0
100 silly fetch manifest supports-color@^7.1.0
101 http fetch GET 200 https://registry.npmjs.org/ansi-styles 10ms (cache hit)
102 http fetch GET 200 https://registry.npmjs.org/supports-color 10ms (cache hit)
103 timing idealTree:node_modules/@testing-library/dom Completed in 28ms
104 silly placeDep ROOT @types/testing-library__jest-dom@5.14.3 OK for: @testing-library/jest-dom@5.16.2 want: ^5.9.1
105 silly placeDep node_modules/@testing-library/jest-dom aria-query@5.0.0 OK for: @testing-library/jest-dom@5.16.2 want: ^5.0.0
106 silly placeDep node_modules/@testing-library/jest-dom chalk@3.0.0 OK for: @testing-library/jest-dom@5.16.2 want: ^3.0.0
107 silly placeDep ROOT css@3.0.0 OK for: @testing-library/jest-dom@5.16.2 want: ^3.0.0
108 silly placeDep ROOT css.escape@1.5.1 OK for: @testing-library/jest-dom@5.16.2 want: ^1.5.1
109 silly placeDep ROOT redent@3.0.0 OK for: @testing-library/jest-dom@5.16.2 want: ^3.0.0
110 silly fetch manifest source-map@^0.6.1
111 silly fetch manifest source-map-resolve@^0.6.0
112 silly fetch manifest strip-indent@^3.0.0
113 http fetch GET 200 https://registry.npmjs.org/source-map 7ms (cache hit)
114 http fetch GET 200 https://registry.npmjs.org/source-map-resolve 28ms (cache miss)
115 http fetch GET 200 https://registry.npmjs.org/strip-indent 84ms (cache miss)
116 timing idealTree:node_modules/@testing-library/jest-dom Completed in 92ms
117 timing idealTree:node_modules/@testing-library/react Completed in 1ms
118 timing idealTree:node_modules/@testing-library/user-event Completed in 0ms
119 timing idealTree:node_modules/@types/aria-query Completed in 0ms
120 timing idealTree:node_modules/@types/jest Completed in 0ms
121 timing idealTree:node_modules/@types/node Completed in 0ms
122 silly placeDep ROOT @types/prop-types@15.7.4 OK for: @types/react@17.0.39 want: *
123 silly placeDep ROOT @types/scheduler@0.16.2 OK for: @types/react@17.0.39 want: *
124 silly placeDep ROOT csstype@3.0.11 OK for: @types/react@17.0.39 want: ^3.0.2
125 timing idealTree:node_modules/@types/react Completed in 4ms
126 timing idealTree:node_modules/@types/prop-types Completed in 0ms
127 timing idealTree:node_modules/@types/react-dom Completed in 0ms
128 timing idealTree:node_modules/@types/scheduler Completed in 0ms
129 timing idealTree:node_modules/@types/testing-library__jest-dom Completed in 0ms
130 silly placeDep node_modules/css source-map@0.6.1 OK for: css@3.0.0 want: ^0.6.1
131 silly placeDep ROOT source-map-resolve@0.6.0 OK for: css@3.0.0 want: ^0.6.0
132 silly fetch manifest atob@^2.1.2
133 silly fetch manifest decode-uri-component@^0.2.0
134 http fetch GET 200 https://registry.npmjs.org/decode-uri-component 31ms (cache miss)
135 http fetch GET 200 https://registry.npmjs.org/atob 33ms (cache miss)
136 timing idealTree:node_modules/css Completed in 35ms
137 timing idealTree:node_modules/css.escape Completed in 0ms
138 timing idealTree:node_modules/csstype Completed in 0ms
139 timing idealTree:node_modules/dom-accessibility-api Completed in 1ms
140 timing idealTree:node_modules/lz-string Completed in 0ms
141 silly placeDep ROOT strip-indent@3.0.0 OK for: redent@3.0.0 want: ^3.0.0
142 silly fetch manifest min-indent@^1.0.0
143 http fetch GET 200 https://registry.npmjs.org/min-indent 96ms (cache miss)
144 timing idealTree:node_modules/redent Completed in 98ms
145 silly placeDep ROOT atob@2.1.2 OK for: source-map-resolve@0.6.0 want: ^2.1.2
146 silly placeDep ROOT decode-uri-component@0.2.0 OK for: source-map-resolve@0.6.0 want: ^0.2.0
147 timing idealTree:node_modules/source-map-resolve Completed in 5ms
148 timing idealTree:node_modules/atob Completed in 0ms
149 timing idealTree:node_modules/decode-uri-component Completed in 0ms
150 silly placeDep ROOT min-indent@1.0.1 OK for: strip-indent@3.0.0 want: ^1.0.0
151 timing idealTree:node_modules/strip-indent Completed in 3ms
152 timing idealTree:node_modules/min-indent Completed in 0ms
153 timing idealTree:node_modules/typescript Completed in 0ms
154 timing idealTree:node_modules/web-vitals Completed in 0ms
155 timing idealTree:node_modules/@testing-library/dom/node_modules/aria-query Completed in 0ms
156 silly placeDep node_modules/@testing-library/dom ansi-styles@4.3.0 OK for: chalk@4.1.2 want: ^4.1.0
157 silly placeDep node_modules/@testing-library/dom supports-color@7.2.0 OK for: chalk@4.1.2 want: ^7.1.0
158 silly fetch manifest color-convert@^2.0.1
159 silly fetch manifest has-flag@^4.0.0
160 http fetch GET 200 https://registry.npmjs.org/color-convert 5ms (cache hit)
161 http fetch GET 200 https://registry.npmjs.org/has-flag 5ms (cache hit)
162 timing idealTree:node_modules/@testing-library/dom/node_modules/chalk Completed in 10ms
163 silly placeDep node_modules/@testing-library/dom color-convert@2.0.1 OK for: ansi-styles@4.3.0 want: ^2.0.1
164 silly fetch manifest color-name@~1.1.4
165 http fetch GET 200 https://registry.npmjs.org/color-name 4ms (cache hit)
166 timing idealTree:node_modules/@testing-library/dom/node_modules/ansi-styles Completed in 6ms
167 silly placeDep node_modules/@testing-library/dom color-name@1.1.4 OK for: color-convert@2.0.1 want: ~1.1.4
168 timing idealTree:node_modules/@testing-library/dom/node_modules/color-convert Completed in 0ms
169 timing idealTree:node_modules/@testing-library/dom/node_modules/color-name Completed in 0ms
170 silly placeDep node_modules/@testing-library/dom has-flag@4.0.0 OK for: supports-color@7.2.0 want: ^4.0.0
171 timing idealTree:node_modules/@testing-library/dom/node_modules/supports-color Completed in 0ms
172 timing idealTree:node_modules/@testing-library/dom/node_modules/has-flag Completed in 0ms
173 timing idealTree:node_modules/@testing-library/jest-dom/node_modules/aria-query Completed in 0ms
174 silly placeDep node_modules/@testing-library/jest-dom ansi-styles@4.3.0 OK for: chalk@3.0.0 want: ^4.1.0
175 silly placeDep node_modules/@testing-library/jest-dom supports-color@7.2.0 OK for: chalk@3.0.0 want: ^7.1.0
176 timing idealTree:node_modules/@testing-library/jest-dom/node_modules/chalk Completed in 2ms
177 silly placeDep node_modules/@testing-library/jest-dom color-convert@2.0.1 OK for: ansi-styles@4.3.0 want: ^2.0.1
178 timing idealTree:node_modules/@testing-library/jest-dom/node_modules/ansi-styles Completed in 1ms
179 silly placeDep node_modules/@testing-library/jest-dom color-name@1.1.4 OK for: color-convert@2.0.1 want: ~1.1.4
180 timing idealTree:node_modules/@testing-library/jest-dom/node_modules/color-convert Completed in 0ms
181 timing idealTree:node_modules/@testing-library/jest-dom/node_modules/color-name Completed in 1ms
182 silly placeDep node_modules/@testing-library/jest-dom has-flag@4.0.0 OK for: supports-color@7.2.0 want: ^4.0.0
183 timing idealTree:node_modules/@testing-library/jest-dom/node_modules/supports-color Completed in 0ms
184 timing idealTree:node_modules/@testing-library/jest-dom/node_modules/has-flag Completed in 0ms
185 timing idealTree:node_modules/css/node_modules/source-map Completed in 0ms
186 timing idealTree:buildDeps Completed in 4903ms
187 timing idealTree:fixDepFlags Completed in 9ms
188 timing idealTree Completed in 5541ms
189 timing reify:loadTrees Completed in 5542ms
190 timing reify:diffTrees Completed in 29ms
191 silly reify mark retired [ 'C:\\reactStudant\\nlw\\web\\node_modules\\@types\\node' ]
192 silly reify moves {
192 silly reify   'C:\\reactStudant\\nlw\\web\\node_modules\\@types\\node': 'C:\\reactStudant\\nlw\\web\\node_modules\\@types\\.node-PuqUxKrV'
192 silly reify }
193 timing reify:retireShallow Completed in 3ms
194 timing reify:createSparse Completed in 20ms
195 timing reify:loadBundles Completed in 0ms
196 verbose reify failed optional dependency C:\reactStudant\nlw\web\node_modules\fsevents
197 silly reify mark deleted [ 'C:\\reactStudant\\nlw\\web\\node_modules\\fsevents' ]
198 timing reifyNode:node_modules/fsevents Completed in 7ms
199 silly tarball no local data for min-indent@https://registry.npmjs.org/min-indent/-/min-indent-1.0.1.tgz. Extracting by manifest.
200 silly tarball no local data for decode-uri-component@https://registry.npmjs.org/decode-uri-component/-/decode-uri-component-0.2.0.tgz. Extracting by manifest.
201 silly tarball no local data for strip-indent@https://registry.npmjs.org/strip-indent/-/strip-indent-3.0.0.tgz. Extracting by manifest.
202 silly tarball no local data for source-map-resolve@https://registry.npmjs.org/source-map-resolve/-/source-map-resolve-0.6.0.tgz. Extracting by manifest.
203 silly tarball no local data for atob@https://registry.npmjs.org/atob/-/atob-2.1.2.tgz. Extracting by manifest.
204 silly tarball no local data for @types/scheduler@https://registry.npmjs.org/@types/scheduler/-/scheduler-0.16.2.tgz. Extracting by manifest.
205 silly tarball no local data for csstype@https://registry.npmjs.org/csstype/-/csstype-3.0.11.tgz. Extracting by manifest.
206 silly tarball no local data for @types/prop-types@https://registry.npmjs.org/@types/prop-types/-/prop-types-15.7.4.tgz. Extracting by manifest.
207 silly tarball no local data for redent@https://registry.npmjs.org/redent/-/redent-3.0.0.tgz. Extracting by manifest.
208 silly tarball no local data for @types/testing-library__jest-dom@https://registry.npmjs.org/@types/testing-library__jest-dom/-/testing-library__jest-dom-5.14.3.tgz. Extracting by manifest.
209 silly tarball no local data for css.escape@https://registry.npmjs.org/css.escape/-/css.escape-1.5.1.tgz. Extracting by manifest.
210 silly tarball no local data for css@https://registry.npmjs.org/css/-/css-3.0.0.tgz. Extracting by manifest.
211 silly tarball no local data for @types/aria-query@https://registry.npmjs.org/@types/aria-query/-/aria-query-4.2.2.tgz. Extracting by manifest.
212 silly tarball no local data for lz-string@https://registry.npmjs.org/lz-string/-/lz-string-1.4.4.tgz. Extracting by manifest.
213 silly tarball no local data for @types/react-dom@https://registry.npmjs.org/@types/react-dom/-/react-dom-17.0.13.tgz. Extracting by manifest.
214 silly tarball no local data for @types/react@https://registry.npmjs.org/@types/react/-/react-17.0.39.tgz. Extracting by manifest.
215 silly tarball no local data for dom-accessibility-api@https://registry.npmjs.org/dom-accessibility-api/-/dom-accessibility-api-0.5.13.tgz. Extracting by manifest.
216 silly tarball no local data for @types/jest@https://registry.npmjs.org/@types/jest/-/jest-27.4.1.tgz. Extracting by manifest.
217 silly tarball no local data for @testing-library/dom@https://registry.npmjs.org/@testing-library/dom/-/dom-8.11.3.tgz. Extracting by manifest.
218 silly tarball no local data for @testing-library/user-event@https://registry.npmjs.org/@testing-library/user-event/-/user-event-13.5.0.tgz. Extracting by manifest.
219 silly tarball no local data for web-vitals@https://registry.npmjs.org/web-vitals/-/web-vitals-2.1.4.tgz. Extracting by manifest.
220 silly tarball no local data for @testing-library/react@https://registry.npmjs.org/@testing-library/react/-/react-12.1.4.tgz. Extracting by manifest.
221 silly tarball no local data for @types/node@https://registry.npmjs.org/@types/node/-/node-16.11.26.tgz. Extracting by manifest.
222 silly tarball no local data for @testing-library/jest-dom@https://registry.npmjs.org/@testing-library/jest-dom/-/jest-dom-5.16.2.tgz. Extracting by manifest.
223 silly tarball no local data for chalk@https://registry.npmjs.org/chalk/-/chalk-3.0.0.tgz. Extracting by manifest.
224 silly tarball no local data for aria-query@https://registry.npmjs.org/aria-query/-/aria-query-5.0.0.tgz. Extracting by manifest.
225 silly tarball no local data for aria-query@https://registry.npmjs.org/aria-query/-/aria-query-5.0.0.tgz. Extracting by manifest.
226 timing reifyNode:node_modules/@testing-library/jest-dom/node_modules/color-name Completed in 286ms
227 timing reifyNode:node_modules/@testing-library/dom/node_modules/color-name Completed in 287ms
228 http fetch GET 200 https://registry.npmjs.org/redent/-/redent-3.0.0.tgz 251ms (cache miss)
229 timing reifyNode:node_modules/@testing-library/dom/node_modules/has-flag Completed in 297ms
230 timing reifyNode:node_modules/@testing-library/jest-dom/node_modules/has-flag Completed in 298ms
231 timing reifyNode:node_modules/@testing-library/dom/node_modules/supports-color Completed in 300ms
232 http fetch GET 200 https://registry.npmjs.org/decode-uri-component/-/decode-uri-component-0.2.0.tgz 280ms (cache miss)
233 timing reifyNode:node_modules/decode-uri-component Completed in 305ms
234 timing reifyNode:node_modules/@testing-library/jest-dom/node_modules/supports-color Completed in 302ms
235 timing reifyNode:node_modules/@testing-library/dom/node_modules/ansi-styles Completed in 305ms
236 timing reifyNode:node_modules/@testing-library/jest-dom/node_modules/ansi-styles Completed in 305ms
237 http fetch GET 200 https://registry.npmjs.org/@types/testing-library__jest-dom/-/testing-library__jest-dom-5.14.3.tgz 267ms (cache miss)
238 timing reifyNode:node_modules/redent Completed in 311ms
239 timing reifyNode:node_modules/@types/testing-library__jest-dom Completed in 322ms
240 http fetch GET 200 https://registry.npmjs.org/@types/prop-types/-/prop-types-15.7.4.tgz 288ms (cache miss)
241 timing reifyNode:node_modules/@types/prop-types Completed in 325ms
242 timing reifyNode:node_modules/@testing-library/dom/node_modules/color-convert Completed in 326ms
243 timing reifyNode:node_modules/@testing-library/jest-dom/node_modules/color-convert Completed in 326ms
244 timing reifyNode:node_modules/@testing-library/dom/node_modules/chalk Completed in 329ms
245 http fetch GET 200 https://registry.npmjs.org/min-indent/-/min-indent-1.0.1.tgz 312ms (cache miss)
246 timing reifyNode:node_modules/min-indent Completed in 335ms
247 http fetch GET 200 https://registry.npmjs.org/strip-indent/-/strip-indent-3.0.0.tgz 317ms (cache miss)
248 timing reifyNode:node_modules/strip-indent Completed in 344ms
249 http fetch GET 200 https://registry.npmjs.org/@types/scheduler/-/scheduler-0.16.2.tgz 312ms (cache miss)
250 timing reifyNode:node_modules/@types/scheduler Completed in 345ms
251 http fetch GET 200 https://registry.npmjs.org/css.escape/-/css.escape-1.5.1.tgz 302ms (cache miss)
252 timing reifyNode:node_modules/css.escape Completed in 350ms
253 http fetch GET 200 https://registry.npmjs.org/source-map-resolve/-/source-map-resolve-0.6.0.tgz 329ms (cache miss)
254 warn deprecated source-map-resolve@0.6.0: See https://github.com/lydell/source-map-resolve#deprecated
255 timing reifyNode:node_modules/source-map-resolve Completed in 360ms
256 http fetch GET 200 https://registry.npmjs.org/@types/jest/-/jest-27.4.1.tgz 293ms (cache miss)
257 timing reifyNode:node_modules/@types/jest Completed in 361ms
258 http fetch GET 200 https://registry.npmjs.org/atob/-/atob-2.1.2.tgz 346ms (cache miss)
259 timing reifyNode:node_modules/atob Completed in 378ms
260 http fetch GET 200 https://registry.npmjs.org/chalk/-/chalk-3.0.0.tgz 288ms (cache miss)
261 timing reifyNode:node_modules/@testing-library/jest-dom/node_modules/chalk Completed in 377ms
262 http fetch GET 200 https://registry.npmjs.org/@types/react-dom/-/react-dom-17.0.13.tgz 342ms (cache miss)
263 timing reifyNode:node_modules/@types/react-dom Completed in 400ms
264 http fetch GET 200 https://registry.npmjs.org/css/-/css-3.0.0.tgz 363ms (cache miss)
265 timing reifyNode:node_modules/css Completed in 415ms
266 http fetch GET 200 https://registry.npmjs.org/@types/react/-/react-17.0.39.tgz 364ms (cache miss)
267 timing reifyNode:node_modules/@types/react Completed in 426ms
268 http fetch GET 200 https://registry.npmjs.org/csstype/-/csstype-3.0.11.tgz 424ms (cache miss)
269 timing reifyNode:node_modules/csstype Completed in 459ms
270 timing reifyNode:node_modules/css/node_modules/source-map Completed in 464ms
271 http fetch GET 200 https://registry.npmjs.org/@testing-library/jest-dom/-/jest-dom-5.16.2.tgz 404ms (cache miss)
272 timing reifyNode:node_modules/@testing-library/jest-dom Completed in 490ms
273 http fetch GET 200 https://registry.npmjs.org/web-vitals/-/web-vitals-2.1.4.tgz 479ms (cache miss)
274 timing reifyNode:node_modules/web-vitals Completed in 558ms
275 http fetch GET 200 https://registry.npmjs.org/dom-accessibility-api/-/dom-accessibility-api-0.5.13.tgz 522ms (cache miss)
276 timing reifyNode:node_modules/dom-accessibility-api Completed in 589ms
277 http fetch GET 200 https://registry.npmjs.org/@testing-library/react/-/react-12.1.4.tgz 526ms (cache miss)
278 timing reifyNode:node_modules/@testing-library/react Completed in 606ms
279 http fetch GET 200 https://registry.npmjs.org/@testing-library/dom/-/dom-8.11.3.tgz 545ms (cache miss)
280 timing reifyNode:node_modules/@testing-library/dom Completed in 618ms
281 http fetch GET 200 https://registry.npmjs.org/@types/node/-/node-16.11.26.tgz 550ms (cache miss)
282 timing reifyNode:node_modules/@types/node Completed in 636ms
283 http fetch GET 200 https://registry.npmjs.org/@testing-library/user-event/-/user-event-13.5.0.tgz 568ms (cache miss)
284 timing reifyNode:node_modules/@testing-library/user-event Completed in 641ms
285 http fetch GET 200 https://registry.npmjs.org/aria-query/-/aria-query-5.0.0.tgz 621ms (cache miss)
286 timing reifyNode:node_modules/@testing-library/dom/node_modules/aria-query Completed in 719ms
287 http fetch GET 200 https://registry.npmjs.org/aria-query/-/aria-query-5.0.0.tgz 672ms (cache miss)
288 timing reifyNode:node_modules/@testing-library/jest-dom/node_modules/aria-query Completed in 768ms
289 http fetch GET 200 https://registry.npmjs.org/lz-string/-/lz-string-1.4.4.tgz 1214ms (cache miss)
290 timing reifyNode:node_modules/lz-string Completed in 1270ms
291 http fetch GET 200 https://registry.npmjs.org/@types/aria-query/-/aria-query-4.2.2.tgz 3128ms (cache miss)
292 timing reifyNode:node_modules/@types/aria-query Completed in 3186ms
293 timing reify:unpack Completed in 3189ms
294 timing reify:unretire Completed in 0ms
295 timing build:queue Completed in 4ms
296 timing build:link:node_modules/atob Completed in 7ms
297 timing build:link:node_modules/lz-string Completed in 6ms
298 timing build:link Completed in 7ms
299 timing build:deps Completed in 12ms
300 timing build Completed in 12ms
301 timing reify:build Completed in 14ms
302 timing reify:trash Completed in 10ms
303 timing reify:save Completed in 172ms
304 timing reify Completed in 9032ms
305 silly ADD node_modules/min-indent
306 silly ADD node_modules/decode-uri-component
307 silly ADD node_modules/atob
308 silly ADD node_modules/strip-indent
309 silly ADD node_modules/source-map-resolve
310 silly ADD node_modules/csstype
311 silly ADD node_modules/@types/scheduler
312 silly ADD node_modules/@types/prop-types
313 silly ADD node_modules/redent
314 silly ADD node_modules/css.escape
315 silly ADD node_modules/css
316 silly ADD node_modules/css/node_modules/source-map
317 silly ADD node_modules/@types/testing-library__jest-dom
318 silly ADD node_modules/lz-string
319 silly ADD node_modules/dom-accessibility-api
320 silly ADD node_modules/@types/aria-query
321 silly ADD node_modules/web-vitals
322 silly ADD node_modules/@types/react-dom
323 silly ADD node_modules/@types/react
324 silly ADD node_modules/@types/jest
325 silly ADD node_modules/@testing-library/dom
326 silly ADD node_modules/@testing-library/dom/node_modules/has-flag
327 silly ADD node_modules/@testing-library/dom/node_modules/color-name
328 silly ADD node_modules/@testing-library/dom/node_modules/color-convert
329 silly ADD node_modules/@testing-library/dom/node_modules/supports-color
330 silly ADD node_modules/@testing-library/dom/node_modules/ansi-styles
331 silly ADD node_modules/@testing-library/dom/node_modules/chalk
332 silly ADD node_modules/@testing-library/dom/node_modules/aria-query
333 silly ADD node_modules/@testing-library/user-event
334 silly ADD node_modules/@testing-library/react
335 silly ADD node_modules/@testing-library/jest-dom
336 silly ADD node_modules/@testing-library/jest-dom/node_modules/has-flag
337 silly ADD node_modules/@testing-library/jest-dom/node_modules/color-name
338 silly ADD node_modules/@testing-library/jest-dom/node_modules/color-convert
339 silly ADD node_modules/@testing-library/jest-dom/node_modules/supports-color
340 silly ADD node_modules/@testing-library/jest-dom/node_modules/ansi-styles
341 silly ADD node_modules/@testing-library/jest-dom/node_modules/chalk
342 silly ADD node_modules/@testing-library/jest-dom/node_modules/aria-query
343 silly ADD
344 silly CHANGE node_modules/@types/node
345 timing command:install Completed in 9041ms
346 verbose exit 0
347 timing npm Completed in 9327ms
348 info ok
