0 verbose cli [
0 verbose cli   'C:\\Program Files\\nodejs\\node.exe',
0 verbose cli   'C:\\Program Files\\nodejs\\node_modules\\npm\\bin\\npm-cli.js',
0 verbose cli   'install',
0 verbose cli   '--no-audit',
0 verbose cli   '--save',
0 verbose cli   '@testing-library/jest-dom@^5.14.1',
0 verbose cli   '@testing-library/react@^12.0.0',
0 verbose cli   '@testing-library/user-event@^13.2.1',
0 verbose cli   'web-vitals@^2.1.0'
0 verbose cli ]
1 info using npm@8.3.1
2 info using node@v16.14.0
3 timing npm:load:whichnode Completed in 0ms
4 timing config:load:defaults Completed in 2ms
5 timing config:load:file:C:\Program Files\nodejs\node_modules\npm\npmrc Completed in 2ms
6 timing config:load:builtin Completed in 2ms
7 timing config:load:cli Completed in 1ms
8 timing config:load:env Completed in 1ms
9 timing config:load:file:C:\reactStudant\navega\.npmrc Completed in 0ms
10 timing config:load:project Completed in 2ms
11 timing config:load:file:C:\Users\Forta Plano de Saúde\.npmrc Completed in 0ms
12 timing config:load:user Completed in 0ms
13 timing config:load:file:C:\Users\Forta Plano de Saúde\AppData\Roaming\npm\etc\npmrc Completed in 1ms
14 timing config:load:global Completed in 1ms
15 timing config:load:validate Completed in 0ms
16 timing config:load:credentials Completed in 1ms
17 timing config:load:setEnvs Completed in 1ms
18 timing config:load Completed in 12ms
19 timing npm:load:configload Completed in 12ms
20 timing npm:load:setTitle Completed in 1ms
21 timing config:load:flatten Completed in 2ms
22 timing npm:load:display Completed in 3ms
23 verbose logfile C:\reactStudant\navega\tmpnodejsnpm-cache\_logs\2022-02-25T13_25_56_937Z-debug-0.log
24 timing npm:load:logFile Completed in 5ms
25 timing npm:load:timers Completed in 0ms
26 timing npm:load:configScope Completed in 0ms
27 timing npm:load Completed in 21ms
28 timing arborist:ctor Completed in 0ms
29 timing idealTree:init Completed in 590ms
30 timing idealTree:userRequests Completed in 2ms
31 silly idealTree buildDeps
32 silly fetch manifest @testing-library/jest-dom@^5.14.1
33 timing arborist:ctor Completed in 0ms
34 http fetch GET 200 https://registry.npmjs.org/@testing-library%2fjest-dom 773ms (cache miss)
35 silly fetch manifest @testing-library/react@^12.0.0
36 http fetch GET 200 https://registry.npmjs.org/@testing-library%2freact 265ms (cache miss)
37 silly fetch manifest react@^17.0.2
38 http fetch GET 200 https://registry.npmjs.org/react 10ms (cache hit)
39 silly fetch manifest react-dom@^17.0.2
40 http fetch GET 200 https://registry.npmjs.org/react-dom 7ms (cache hit)
41 silly fetch manifest @testing-library/user-event@^13.2.1
42 http fetch GET 200 https://registry.npmjs.org/@testing-library%2fuser-event 266ms (cache miss)
43 silly fetch manifest @testing-library/dom@>=7.21.4
44 http fetch GET 200 https://registry.npmjs.org/@testing-library%2fdom 255ms (cache miss)
45 silly fetch manifest web-vitals@^2.1.0
46 http fetch GET 200 https://registry.npmjs.org/web-vitals 21ms (cache miss)
47 silly placeDep ROOT @testing-library/jest-dom@5.16.2 OK for: navega@0.1.0 want: ^5.14.1
48 silly placeDep ROOT @testing-library/react@12.1.3 OK for: navega@0.1.0 want: ^12.0.0
49 silly placeDep ROOT @testing-library/user-event@13.5.0 OK for: navega@0.1.0 want: ^13.2.1
50 silly placeDep ROOT @testing-library/dom@8.11.3 OK for: @testing-library/user-event@13.5.0 want: >=7.21.4
51 silly placeDep ROOT web-vitals@2.1.4 OK for: navega@0.1.0 want: ^2.1.0
52 silly fetch manifest @types/testing-library__jest-dom@^5.9.1
53 silly fetch manifest aria-query@^5.0.0
54 silly fetch manifest chalk@^3.0.0
55 silly fetch manifest css@^3.0.0
56 silly fetch manifest css.escape@^1.5.1
57 silly fetch manifest dom-accessibility-api@^0.5.6
58 silly fetch manifest redent@^3.0.0
59 silly fetch manifest @types/react-dom@*
60 silly fetch manifest @types/aria-query@^4.2.0
61 silly fetch manifest chalk@^4.1.0
62 silly fetch manifest dom-accessibility-api@^0.5.9
63 silly fetch manifest lz-string@^1.4.4
64 http fetch GET 200 https://registry.npmjs.org/aria-query 18ms (cache hit)
65 http fetch GET 200 https://registry.npmjs.org/chalk 19ms (cache hit)
66 http fetch GET 200 https://registry.npmjs.org/@types%2ftesting-library__jest-dom 30ms (cache miss)
67 http fetch GET 200 https://registry.npmjs.org/css 46ms (cache miss)
68 http fetch GET 200 https://registry.npmjs.org/redent 45ms (cache miss)
69 http fetch GET 200 https://registry.npmjs.org/dom-accessibility-api 46ms (cache miss)
70 http fetch GET 200 https://registry.npmjs.org/lz-string 47ms (cache miss)
71 http fetch GET 200 https://registry.npmjs.org/css.escape 58ms (cache miss)
72 http fetch GET 200 https://registry.npmjs.org/@types%2freact-dom 59ms (cache miss)
73 http fetch GET 200 https://registry.npmjs.org/@types%2faria-query 59ms (cache miss)
74 timing idealTree:#root Completed in 1696ms
75 silly placeDep ROOT @types/aria-query@4.2.2 OK for: @testing-library/dom@8.11.3 want: ^4.2.0
76 silly placeDep node_modules/@testing-library/dom aria-query@5.0.0 OK for: @testing-library/dom@8.11.3 want: ^5.0.0
77 silly placeDep node_modules/@testing-library/dom chalk@4.1.2 OK for: @testing-library/dom@8.11.3 want: ^4.1.0
78 silly placeDep ROOT dom-accessibility-api@0.5.12 OK for: @testing-library/dom@8.11.3 want: ^0.5.9
79 silly placeDep ROOT lz-string@1.4.4 OK for: @testing-library/dom@8.11.3 want: ^1.4.4
80 silly fetch manifest ansi-styles@^4.1.0
81 silly fetch manifest supports-color@^7.1.0
82 http fetch GET 200 https://registry.npmjs.org/supports-color 6ms (cache hit)
83 http fetch GET 200 https://registry.npmjs.org/ansi-styles 8ms (cache hit)
84 timing idealTree:node_modules/@testing-library/dom Completed in 13ms
85 silly placeDep ROOT @types/testing-library__jest-dom@5.14.2 OK for: @testing-library/jest-dom@5.16.2 want: ^5.9.1
86 silly placeDep node_modules/@testing-library/jest-dom aria-query@5.0.0 OK for: @testing-library/jest-dom@5.16.2 want: ^5.0.0
87 silly placeDep node_modules/@testing-library/jest-dom chalk@3.0.0 OK for: @testing-library/jest-dom@5.16.2 want: ^3.0.0
88 silly placeDep ROOT css@3.0.0 OK for: @testing-library/jest-dom@5.16.2 want: ^3.0.0
89 silly placeDep ROOT css.escape@1.5.1 OK for: @testing-library/jest-dom@5.16.2 want: ^1.5.1
90 silly placeDep ROOT redent@3.0.0 OK for: @testing-library/jest-dom@5.16.2 want: ^3.0.0
91 silly fetch manifest @types/jest@*
92 silly fetch manifest source-map@^0.6.1
93 silly fetch manifest source-map-resolve@^0.6.0
94 silly fetch manifest strip-indent@^3.0.0
95 http fetch GET 200 https://registry.npmjs.org/source-map 7ms (cache hit)
96 http fetch GET 200 https://registry.npmjs.org/source-map-resolve 25ms (cache miss)
97 http fetch GET 200 https://registry.npmjs.org/strip-indent 29ms (cache miss)
98 http fetch GET 200 https://registry.npmjs.org/@types%2fjest 40ms (cache miss)
99 timing idealTree:node_modules/@testing-library/jest-dom Completed in 47ms
100 silly placeDep ROOT @types/react-dom@17.0.11 OK for: @testing-library/react@12.1.3 want: *
101 silly fetch manifest @types/react@*
102 http fetch GET 200 https://registry.npmjs.org/@types%2freact 40ms (cache miss)
103 timing idealTree:node_modules/@testing-library/react Completed in 43ms
104 timing idealTree:node_modules/@testing-library/user-event Completed in 0ms
105 timing idealTree:node_modules/@types/aria-query Completed in 0ms
106 silly placeDep ROOT @types/react@17.0.39 OK for: @types/react-dom@17.0.11 want: *
107 silly fetch manifest @types/prop-types@*
108 silly fetch manifest @types/scheduler@*
109 silly fetch manifest csstype@^3.0.2
110 http fetch GET 200 https://registry.npmjs.org/csstype 24ms (cache miss)
111 http fetch GET 200 https://registry.npmjs.org/@types%2fscheduler 37ms (cache miss)
112 http fetch GET 200 https://registry.npmjs.org/@types%2fprop-types 45ms (cache miss)
113 timing idealTree:node_modules/@types/react-dom Completed in 47ms
114 silly placeDep ROOT @types/prop-types@15.7.4 OK for: @types/react@17.0.39 want: *
115 silly placeDep ROOT @types/scheduler@0.16.2 OK for: @types/react@17.0.39 want: *
116 silly placeDep ROOT csstype@3.0.10 OK for: @types/react@17.0.39 want: ^3.0.2
117 timing idealTree:node_modules/@types/react Completed in 3ms
118 timing idealTree:node_modules/@types/prop-types Completed in 0ms
119 timing idealTree:node_modules/@types/scheduler Completed in 0ms
120 silly placeDep ROOT @types/jest@27.4.1 OK for: @types/testing-library__jest-dom@5.14.2 want: *
121 timing idealTree:node_modules/@types/testing-library__jest-dom Completed in 1ms
122 timing idealTree:node_modules/@types/jest Completed in 0ms
123 silly placeDep node_modules/css source-map@0.6.1 OK for: css@3.0.0 want: ^0.6.1
124 silly placeDep ROOT source-map-resolve@0.6.0 OK for: css@3.0.0 want: ^0.6.0
125 silly fetch manifest atob@^2.1.2
126 silly fetch manifest decode-uri-component@^0.2.0
127 http fetch GET 200 https://registry.npmjs.org/decode-uri-component 23ms (cache miss)
128 http fetch GET 200 https://registry.npmjs.org/atob 26ms (cache miss)
129 timing idealTree:node_modules/css Completed in 28ms
130 timing idealTree:node_modules/css.escape Completed in 0ms
131 timing idealTree:node_modules/csstype Completed in 0ms
132 timing idealTree:node_modules/dom-accessibility-api Completed in 0ms
133 timing idealTree:node_modules/lz-string Completed in 0ms
134 silly placeDep ROOT strip-indent@3.0.0 OK for: redent@3.0.0 want: ^3.0.0
135 silly fetch manifest min-indent@^1.0.0
136 http fetch GET 200 https://registry.npmjs.org/min-indent 86ms (cache miss)
137 timing idealTree:node_modules/redent Completed in 88ms
138 silly placeDep ROOT atob@2.1.2 OK for: source-map-resolve@0.6.0 want: ^2.1.2
139 silly placeDep ROOT decode-uri-component@0.2.0 OK for: source-map-resolve@0.6.0 want: ^0.2.0
140 timing idealTree:node_modules/source-map-resolve Completed in 5ms
141 timing idealTree:node_modules/atob Completed in 0ms
142 timing idealTree:node_modules/decode-uri-component Completed in 0ms
143 silly placeDep ROOT min-indent@1.0.1 OK for: strip-indent@3.0.0 want: ^1.0.0
144 timing idealTree:node_modules/strip-indent Completed in 0ms
145 timing idealTree:node_modules/min-indent Completed in 0ms
146 timing idealTree:node_modules/web-vitals Completed in 0ms
147 timing idealTree:node_modules/@testing-library/dom/node_modules/aria-query Completed in 0ms
148 silly placeDep node_modules/@testing-library/dom ansi-styles@4.3.0 OK for: chalk@4.1.2 want: ^4.1.0
149 silly placeDep node_modules/@testing-library/dom supports-color@7.2.0 OK for: chalk@4.1.2 want: ^7.1.0
150 silly fetch manifest color-convert@^2.0.1
151 silly fetch manifest has-flag@^4.0.0
152 http fetch GET 200 https://registry.npmjs.org/color-convert 14ms (cache hit)
153 http fetch GET 200 https://registry.npmjs.org/has-flag 13ms (cache hit)
154 timing idealTree:node_modules/@testing-library/dom/node_modules/chalk Completed in 16ms
155 silly placeDep node_modules/@testing-library/dom color-convert@2.0.1 OK for: ansi-styles@4.3.0 want: ^2.0.1
156 silly fetch manifest color-name@~1.1.4
157 http fetch GET 200 https://registry.npmjs.org/color-name 4ms (cache hit)
158 timing idealTree:node_modules/@testing-library/dom/node_modules/ansi-styles Completed in 6ms
159 silly placeDep node_modules/@testing-library/dom color-name@1.1.4 OK for: color-convert@2.0.1 want: ~1.1.4
160 timing idealTree:node_modules/@testing-library/dom/node_modules/color-convert Completed in 1ms
161 timing idealTree:node_modules/@testing-library/dom/node_modules/color-name Completed in 0ms
162 silly placeDep node_modules/@testing-library/dom has-flag@4.0.0 OK for: supports-color@7.2.0 want: ^4.0.0
163 timing idealTree:node_modules/@testing-library/dom/node_modules/supports-color Completed in 0ms
164 timing idealTree:node_modules/@testing-library/dom/node_modules/has-flag Completed in 0ms
165 timing idealTree:node_modules/@testing-library/jest-dom/node_modules/aria-query Completed in 0ms
166 silly placeDep node_modules/@testing-library/jest-dom ansi-styles@4.3.0 OK for: chalk@3.0.0 want: ^4.1.0
167 silly placeDep node_modules/@testing-library/jest-dom supports-color@7.2.0 OK for: chalk@3.0.0 want: ^7.1.0
168 timing idealTree:node_modules/@testing-library/jest-dom/node_modules/chalk Completed in 1ms
169 silly placeDep node_modules/@testing-library/jest-dom color-convert@2.0.1 OK for: ansi-styles@4.3.0 want: ^2.0.1
170 timing idealTree:node_modules/@testing-library/jest-dom/node_modules/ansi-styles Completed in 1ms
171 silly placeDep node_modules/@testing-library/jest-dom color-name@1.1.4 OK for: color-convert@2.0.1 want: ~1.1.4
172 timing idealTree:node_modules/@testing-library/jest-dom/node_modules/color-convert Completed in 0ms
173 timing idealTree:node_modules/@testing-library/jest-dom/node_modules/color-name Completed in 0ms
174 silly placeDep node_modules/@testing-library/jest-dom has-flag@4.0.0 OK for: supports-color@7.2.0 want: ^4.0.0
175 timing idealTree:node_modules/@testing-library/jest-dom/node_modules/supports-color Completed in 1ms
176 timing idealTree:node_modules/@testing-library/jest-dom/node_modules/has-flag Completed in 0ms
177 timing idealTree:node_modules/css/node_modules/source-map Completed in 0ms
178 timing idealTree:buildDeps Completed in 2000ms
179 timing idealTree:fixDepFlags Completed in 10ms
180 timing idealTree Completed in 2614ms
181 timing reify:loadTrees Completed in 2616ms
182 timing reify:diffTrees Completed in 28ms
183 silly reify moves {}
184 timing reify:retireShallow Completed in 0ms
185 timing reify:createSparse Completed in 24ms
186 timing reify:loadBundles Completed in 0ms
187 verbose reify failed optional dependency C:\reactStudant\navega\node_modules\fsevents
188 silly reify mark deleted [ 'C:\\reactStudant\\navega\\node_modules\\fsevents' ]
189 timing reifyNode:node_modules/fsevents Completed in 7ms
190 silly tarball no local data for min-indent@https://registry.npmjs.org/min-indent/-/min-indent-1.0.1.tgz. Extracting by manifest.
191 silly tarball no local data for atob@https://registry.npmjs.org/atob/-/atob-2.1.2.tgz. Extracting by manifest.
192 silly tarball no local data for decode-uri-component@https://registry.npmjs.org/decode-uri-component/-/decode-uri-component-0.2.0.tgz. Extracting by manifest.
193 silly tarball no local data for strip-indent@https://registry.npmjs.org/strip-indent/-/strip-indent-3.0.0.tgz. Extracting by manifest.
194 silly tarball no local data for source-map-resolve@https://registry.npmjs.org/source-map-resolve/-/source-map-resolve-0.6.0.tgz. Extracting by manifest.
195 silly tarball no local data for @types/jest@https://registry.npmjs.org/@types/jest/-/jest-27.4.1.tgz. Extracting by manifest.
196 silly tarball no local data for csstype@https://registry.npmjs.org/csstype/-/csstype-3.0.10.tgz. Extracting by manifest.
197 silly tarball no local data for @types/scheduler@https://registry.npmjs.org/@types/scheduler/-/scheduler-0.16.2.tgz. Extracting by manifest.
198 silly tarball no local data for @types/prop-types@https://registry.npmjs.org/@types/prop-types/-/prop-types-15.7.4.tgz. Extracting by manifest.
199 silly tarball no local data for @types/react@https://registry.npmjs.org/@types/react/-/react-17.0.39.tgz. Extracting by manifest.
200 silly tarball no local data for @types/react-dom@https://registry.npmjs.org/@types/react-dom/-/react-dom-17.0.11.tgz. Extracting by manifest.
201 silly tarball no local data for redent@https://registry.npmjs.org/redent/-/redent-3.0.0.tgz. Extracting by manifest.
202 silly tarball no local data for css.escape@https://registry.npmjs.org/css.escape/-/css.escape-1.5.1.tgz. Extracting by manifest.
203 silly tarball no local data for @types/testing-library__jest-dom@https://registry.npmjs.org/@types/testing-library__jest-dom/-/testing-library__jest-dom-5.14.2.tgz. Extracting by manifest.
204 silly tarball no local data for css@https://registry.npmjs.org/css/-/css-3.0.0.tgz. Extracting by manifest.
205 silly tarball no local data for lz-string@https://registry.npmjs.org/lz-string/-/lz-string-1.4.4.tgz. Extracting by manifest.
206 silly tarball no local data for @types/aria-query@https://registry.npmjs.org/@types/aria-query/-/aria-query-4.2.2.tgz. Extracting by manifest.
207 silly tarball no local data for web-vitals@https://registry.npmjs.org/web-vitals/-/web-vitals-2.1.4.tgz. Extracting by manifest.
208 silly tarball no local data for dom-accessibility-api@https://registry.npmjs.org/dom-accessibility-api/-/dom-accessibility-api-0.5.12.tgz. Extracting by manifest.
209 silly tarball no local data for @testing-library/user-event@https://registry.npmjs.org/@testing-library/user-event/-/user-event-13.5.0.tgz. Extracting by manifest.
210 silly tarball no local data for @testing-library/jest-dom@https://registry.npmjs.org/@testing-library/jest-dom/-/jest-dom-5.16.2.tgz. Extracting by manifest.
211 silly tarball no local data for @testing-library/dom@https://registry.npmjs.org/@testing-library/dom/-/dom-8.11.3.tgz. Extracting by manifest.
212 silly tarball no local data for @testing-library/react@https://registry.npmjs.org/@testing-library/react/-/react-12.1.3.tgz. Extracting by manifest.
213 silly tarball no local data for chalk@https://registry.npmjs.org/chalk/-/chalk-3.0.0.tgz. Extracting by manifest.
214 silly tarball no local data for aria-query@https://registry.npmjs.org/aria-query/-/aria-query-5.0.0.tgz. Extracting by manifest.
215 silly tarball no local data for aria-query@https://registry.npmjs.org/aria-query/-/aria-query-5.0.0.tgz. Extracting by manifest.
216 timing reifyNode:node_modules/@testing-library/jest-dom/node_modules/color-name Completed in 224ms
217 timing reifyNode:node_modules/@testing-library/dom/node_modules/color-name Completed in 225ms
218 http fetch GET 200 https://registry.npmjs.org/min-indent/-/min-indent-1.0.1.tgz 209ms (cache miss)
219 timing reifyNode:node_modules/min-indent Completed in 231ms
220 http fetch GET 200 https://registry.npmjs.org/@types/scheduler/-/scheduler-0.16.2.tgz 196ms (cache miss)
221 http fetch GET 200 https://registry.npmjs.org/decode-uri-component/-/decode-uri-component-0.2.0.tgz 216ms (cache miss)
222 timing reifyNode:node_modules/decode-uri-component Completed in 242ms
223 timing reifyNode:node_modules/@testing-library/dom/node_modules/has-flag Completed in 241ms
224 timing reifyNode:node_modules/@testing-library/jest-dom/node_modules/supports-color Completed in 240ms
225 timing reifyNode:node_modules/@testing-library/dom/node_modules/supports-color Completed in 240ms
226 timing reifyNode:node_modules/@testing-library/jest-dom/node_modules/has-flag Completed in 240ms
227 timing reifyNode:node_modules/@testing-library/jest-dom/node_modules/ansi-styles Completed in 244ms
228 timing reifyNode:node_modules/@testing-library/dom/node_modules/ansi-styles Completed in 245ms
229 timing reifyNode:node_modules/@types/scheduler Completed in 247ms
230 http fetch GET 200 https://registry.npmjs.org/source-map-resolve/-/source-map-resolve-0.6.0.tgz 226ms (cache miss)
231 warn deprecated source-map-resolve@0.6.0: See https://github.com/lydell/source-map-resolve#deprecated
232 timing reifyNode:node_modules/source-map-resolve Completed in 257ms
233 timing reifyNode:node_modules/@testing-library/dom/node_modules/color-convert Completed in 258ms
234 timing reifyNode:node_modules/@testing-library/jest-dom/node_modules/color-convert Completed in 259ms
235 timing reifyNode:node_modules/@testing-library/dom/node_modules/chalk Completed in 260ms
236 http fetch GET 200 https://registry.npmjs.org/@types/aria-query/-/aria-query-4.2.2.tgz 201ms (cache miss)
237 timing reifyNode:node_modules/@types/aria-query Completed in 266ms
238 http fetch GET 200 https://registry.npmjs.org/strip-indent/-/strip-indent-3.0.0.tgz 241ms (cache miss)
239 timing reifyNode:node_modules/strip-indent Completed in 269ms
240 http fetch GET 200 https://registry.npmjs.org/redent/-/redent-3.0.0.tgz 233ms (cache miss)
241 timing reifyNode:node_modules/redent Completed in 283ms
242 http fetch GET 200 https://registry.npmjs.org/atob/-/atob-2.1.2.tgz 268ms (cache miss)
243 http fetch GET 200 https://registry.npmjs.org/@types/jest/-/jest-27.4.1.tgz 262ms (cache miss)
244 timing reifyNode:node_modules/@types/jest Completed in 294ms
245 timing reifyNode:node_modules/atob Completed in 295ms
246 http fetch GET 200 https://registry.npmjs.org/@types/prop-types/-/prop-types-15.7.4.tgz 257ms (cache miss)
247 timing reifyNode:node_modules/@types/prop-types Completed in 298ms
248 http fetch GET 200 https://registry.npmjs.org/chalk/-/chalk-3.0.0.tgz 215ms (cache miss)
249 timing reifyNode:node_modules/@testing-library/jest-dom/node_modules/chalk Completed in 300ms
250 http fetch GET 200 https://registry.npmjs.org/css/-/css-3.0.0.tgz 257ms (cache miss)
251 timing reifyNode:node_modules/css Completed in 314ms
252 http fetch GET 200 https://registry.npmjs.org/lz-string/-/lz-string-1.4.4.tgz 271ms (cache miss)
253 timing reifyNode:node_modules/lz-string Completed in 330ms
254 http fetch GET 200 https://registry.npmjs.org/csstype/-/csstype-3.0.10.tgz 309ms (cache miss)
255 timing reifyNode:node_modules/csstype Completed in 343ms
256 timing reifyNode:node_modules/css/node_modules/source-map Completed in 349ms
257 http fetch GET 200 https://registry.npmjs.org/dom-accessibility-api/-/dom-accessibility-api-0.5.12.tgz 319ms (cache miss)
258 timing reifyNode:node_modules/dom-accessibility-api Completed in 391ms
259 http fetch GET 200 https://registry.npmjs.org/web-vitals/-/web-vitals-2.1.4.tgz 329ms (cache miss)
260 timing reifyNode:node_modules/web-vitals Completed in 397ms
261 http fetch GET 200 https://registry.npmjs.org/@testing-library/react/-/react-12.1.3.tgz 332ms (cache miss)
262 timing reifyNode:node_modules/@testing-library/react Completed in 414ms
263 http fetch GET 200 https://registry.npmjs.org/aria-query/-/aria-query-5.0.0.tgz 417ms (cache miss)
264 timing reifyNode:node_modules/@testing-library/dom/node_modules/aria-query Completed in 510ms
265 http fetch GET 200 https://registry.npmjs.org/aria-query/-/aria-query-5.0.0.tgz 425ms (cache miss)
266 timing reifyNode:node_modules/@testing-library/jest-dom/node_modules/aria-query Completed in 512ms
267 http fetch GET 200 https://registry.npmjs.org/css.escape/-/css.escape-1.5.1.tgz 1098ms (cache miss)
268 timing reifyNode:node_modules/css.escape Completed in 1150ms
269 http fetch GET 200 https://registry.npmjs.org/@types/react/-/react-17.0.39.tgz 1132ms (cache miss)
270 timing reifyNode:node_modules/@types/react Completed in 1174ms
271 http fetch GET 200 https://registry.npmjs.org/@testing-library/jest-dom/-/jest-dom-5.16.2.tgz 1118ms (cache miss)
272 timing reifyNode:node_modules/@testing-library/jest-dom Completed in 1195ms
273 http fetch GET 200 https://registry.npmjs.org/@testing-library/dom/-/dom-8.11.3.tgz 1175ms (cache miss)
274 timing reifyNode:node_modules/@testing-library/dom Completed in 1256ms
275 http fetch GET 200 https://registry.npmjs.org/@testing-library/user-event/-/user-event-13.5.0.tgz 1210ms (cache miss)
276 timing reifyNode:node_modules/@testing-library/user-event Completed in 1284ms
277 http fetch GET 200 https://registry.npmjs.org/@types/testing-library__jest-dom/-/testing-library__jest-dom-5.14.2.tgz 3187ms (cache miss)
278 timing reifyNode:node_modules/@types/testing-library__jest-dom Completed in 3241ms
279 http fetch GET 200 https://registry.npmjs.org/@types/react-dom/-/react-dom-17.0.11.tgz 7166ms (cache miss)
280 timing reifyNode:node_modules/@types/react-dom Completed in 7214ms
281 timing reify:unpack Completed in 7216ms
282 timing reify:unretire Completed in 0ms
283 timing build:queue Completed in 4ms
284 timing build:link:node_modules/lz-string Completed in 8ms
285 timing build:link:node_modules/atob Completed in 8ms
286 timing build:link Completed in 8ms
287 timing build:deps Completed in 12ms
288 timing build Completed in 12ms
289 timing reify:build Completed in 13ms
290 timing reify:trash Completed in 1ms
291 timing reify:save Completed in 184ms
292 timing reify Completed in 10133ms
293 silly ADD node_modules/min-indent
294 silly ADD node_modules/decode-uri-component
295 silly ADD node_modules/atob
296 silly ADD node_modules/strip-indent
297 silly ADD node_modules/source-map-resolve
298 silly ADD node_modules/@types/jest
299 silly ADD node_modules/csstype
300 silly ADD node_modules/@types/scheduler
301 silly ADD node_modules/@types/prop-types
302 silly ADD node_modules/@types/react
303 silly ADD node_modules/@types/react-dom
304 silly ADD node_modules/redent
305 silly ADD node_modules/css.escape
306 silly ADD node_modules/css
307 silly ADD node_modules/css/node_modules/source-map
308 silly ADD node_modules/@types/testing-library__jest-dom
309 silly ADD node_modules/lz-string
310 silly ADD node_modules/dom-accessibility-api
311 silly ADD node_modules/@types/aria-query
312 silly ADD node_modules/web-vitals
313 silly ADD node_modules/@testing-library/dom
314 silly ADD node_modules/@testing-library/dom/node_modules/has-flag
315 silly ADD node_modules/@testing-library/dom/node_modules/color-name
316 silly ADD node_modules/@testing-library/dom/node_modules/color-convert
317 silly ADD node_modules/@testing-library/dom/node_modules/supports-color
318 silly ADD node_modules/@testing-library/dom/node_modules/ansi-styles
319 silly ADD node_modules/@testing-library/dom/node_modules/chalk
320 silly ADD node_modules/@testing-library/dom/node_modules/aria-query
321 silly ADD node_modules/@testing-library/user-event
322 silly ADD node_modules/@testing-library/react
323 silly ADD node_modules/@testing-library/jest-dom
324 silly ADD node_modules/@testing-library/jest-dom/node_modules/has-flag
325 silly ADD node_modules/@testing-library/jest-dom/node_modules/color-name
326 silly ADD node_modules/@testing-library/jest-dom/node_modules/color-convert
327 silly ADD node_modules/@testing-library/jest-dom/node_modules/supports-color
328 silly ADD node_modules/@testing-library/jest-dom/node_modules/ansi-styles
329 silly ADD node_modules/@testing-library/jest-dom/node_modules/chalk
330 silly ADD node_modules/@testing-library/jest-dom/node_modules/aria-query
331 silly ADD
332 timing command:install Completed in 10142ms
333 verbose exit 0
334 timing npm Completed in 10389ms
335 info ok
